app/build/intermediates/manifest_merge_blame_file/debug/manifest-merger-blame-debug-report.txt
1<?xml version="1.0" encoding="utf-8"?>
2<manifest xmlns:android="http://schemas.android.com/apk/res/android"
3    package="com.example.spinzerburger"
4    android:versionCode="1"
5    android:versionName="1.0" >
6
7    <uses-sdk
8        android:minSdkVersion="21"
8-->src/main/AndroidManifest.xml
9        android:targetSdkVersion="32" />
9-->src/main/AndroidManifest.xml
10
11    <application
11-->src/main/AndroidManifest.xml:5:5-40:19
12        android:allowBackup="true"
12-->src/main/AndroidManifest.xml:6:9-35
13        android:appComponentFactory="androidx.core.app.CoreComponentFactory"
13-->[androidx.core:core:1.7.0] AndroidManifest.xml:24:18-86
14        android:debuggable="true"
15        android:icon="@mipmap/ic_launcher"
15-->src/main/AndroidManifest.xml:7:9-43
16        android:label="@string/app_name"
16-->src/main/AndroidManifest.xml:8:9-41
17        android:roundIcon="@mipmap/ic_launcher_round"
17-->src/main/AndroidManifest.xml:9:9-54
18        android:supportsRtl="true"
18-->src/main/AndroidManifest.xml:10:9-35
19        android:testOnly="true"
20        android:theme="@style/Theme.SpinzerBurger" >
20-->src/main/AndroidManifest.xml:11:9-51
21        <activity
21-->src/main/AndroidManifest.xml:12:9-21:20
22            android:name="com.example.spinzerburger.Splash_activity"
22-->src/main/AndroidManifest.xml:13:13-44
23            android:exported="true" >
23-->src/main/AndroidManifest.xml:14:13-36
24            <intent-filter>
24-->src/main/AndroidManifest.xml:15:13-19:29
25                <action android:name="android.intent.action.MAIN" />
25-->src/main/AndroidManifest.xml:16:17-69
25-->src/main/AndroidManifest.xml:16:25-66
26
27                <category android:name="android.intent.category.LAUNCHER" />
27-->src/main/AndroidManifest.xml:18:17-77
27-->src/main/AndroidManifest.xml:18:27-74
28            </intent-filter>
29        </activity>
30        <activity
30-->src/main/AndroidManifest.xml:22:9-24:39
31            android:name="com.example.spinzerburger.sign_up_Activity"
31-->src/main/AndroidManifest.xml:23:13-45
32            android:exported="false" />
32-->src/main/AndroidManifest.xml:24:13-37
33        <activity
33-->src/main/AndroidManifest.xml:25:9-27:40
34            android:name="com.example.spinzerburger.sign_in_activity"
34-->src/main/AndroidManifest.xml:26:13-45
35            android:exported="false" />
35-->src/main/AndroidManifest.xml:27:13-37
36        <activity
36-->src/main/AndroidManifest.xml:28:9-37:16
37            android:name="com.example.spinzerburger.MainActivity"
37-->src/main/AndroidManifest.xml:29:13-41
38            android:exported="true" >
38-->src/main/AndroidManifest.xml:30:13-36
39
40            <!-- <intent-filter> -->
41            <!-- <action android:name="android.intent.action.MAIN" /> -->
42
43
44            <!-- <category android:name="android.intent.category.LAUNCHER" /> -->
45            <!-- </intent-filter> -->
46
47        </activity>
48
49        <provider
49-->[androidx.emoji2:emoji2:1.0.0] AndroidManifest.xml:26:9-34:20
50            android:name="androidx.startup.InitializationProvider"
50-->[androidx.emoji2:emoji2:1.0.0] AndroidManifest.xml:27:13-67
51            android:authorities="com.example.spinzerburger.androidx-startup"
51-->[androidx.emoji2:emoji2:1.0.0] AndroidManifest.xml:28:13-68
52            android:exported="false" >
52-->[androidx.emoji2:emoji2:1.0.0] AndroidManifest.xml:29:13-37
53            <meta-data
53-->[androidx.emoji2:emoji2:1.0.0] AndroidManifest.xml:31:13-33:52
54                android:name="androidx.emoji2.text.EmojiCompatInitializer"
54-->[androidx.emoji2:emoji2:1.0.0] AndroidManifest.xml:32:17-75
55                android:value="androidx.startup" />
55-->[androidx.emoji2:emoji2:1.0.0] AndroidManifest.xml:33:17-49
56            <meta-data
56-->[androidx.lifecycle:lifecycle-process:2.4.0] AndroidManifest.xml:31:13-33:52
57                android:name="androidx.lifecycle.ProcessLifecycleInitializer"
57-->[androidx.lifecycle:lifecycle-process:2.4.0] AndroidManifest.xml:32:17-78
58                android:value="androidx.startup" />
58-->[androidx.lifecycle:lifecycle-process:2.4.0] AndroidManifest.xml:33:17-49
59        </provider>
60
61        <uses-library
61-->[androidx.window:window:1.0.0] AndroidManifest.xml:25:9-27:40
62            android:name="androidx.window.extensions"
62-->[androidx.window:window:1.0.0] AndroidManifest.xml:26:13-54
63            android:required="false" />
63-->[androidx.window:window:1.0.0] AndroidManifest.xml:27:13-37
64        <uses-library
64-->[androidx.window:window:1.0.0] AndroidManifest.xml:28:9-30:40
65            android:name="androidx.window.sidecar"
65-->[androidx.window:window:1.0.0] AndroidManifest.xml:29:13-51
66            android:required="false" />
66-->[androidx.window:window:1.0.0] AndroidManifest.xml:30:13-37
67    </application>
68
69</manifest>